nohup: ignoring input
WARNING: AutoLibraryloader::enable() and AutoLibraryLoader.h are deprecated.
Use FWLiteEnabler::enable() and FWLiteEnabler.h instead
TClass::Init:0: RuntimeWarning: no dictionary for class pair<reco::isodeposit::Direction::Distance,float> is available
******************************************************************************** ievent:  0
('Max energy: ', 34.23190269561042)
('Max energy: ', 34.23190269561042)
******************************************************************************** ievent:  1
('Max energy: ', 260.31955527474076)
('Max energy: ', 260.31955527474076)
******************************************************************************** ievent:  2
('Max energy: ', 260.31955527474076)
('Max energy: ', 260.31955527474076)
******************************************************************************** ievent:  3
('Max energy: ', 260.31955527474076)
('Max energy: ', 260.31955527474076)
******************************************************************************** ievent:  4
('Max energy: ', 260.31955527474076)
('Max energy: ', 260.31955527474076)
******************************************************************************** ievent:  5
('Max energy: ', 260.31955527474076)
('Max energy: ', 260.31955527474076)
******************************************************************************** ievent:  6
('Max energy: ', 382.4601001851174)
('Max energy: ', 382.4601001851174)
******************************************************************************** ievent:  7
('Max energy: ', 382.4601001851174)
('Max energy: ', 382.4601001851174)
******************************************************************************** ievent:  8
('Max energy: ', 382.4601001851174)
('Max energy: ', 382.4601001851174)
******************************************************************************** ievent:  9
('Max energy: ', 382.4601001851174)
('Max energy: ', 382.4601001851174)
******************************************************************************** ievent:  10
('Max energy: ', 382.4601001851174)
('Max energy: ', 382.4601001851174)
******************************************************************************** ievent:  11
('Max energy: ', 382.4601001851174)
('Max energy: ', 382.4601001851174)
******************************************************************************** ievent:  12
('Max energy: ', 382.4601001851174)
('Max energy: ', 382.4601001851174)
******************************************************************************** ievent:  13
('Max energy: ', 382.4601001851174)
('Max energy: ', 382.4601001851174)
******************************************************************************** ievent:  14
('Max energy: ', 382.4601001851174)
('Max energy: ', 382.4601001851174)
******************************************************************************** ievent:  15
('Max energy: ', 382.4601001851174)
('Max energy: ', 382.4601001851174)
******************************************************************************** ievent:  16
('Max energy: ', 382.4601001851174)
('Max energy: ', 382.4601001851174)
******************************************************************************** ievent:  17
('Max energy: ', 382.4601001851174)
('Max energy: ', 382.4601001851174)
******************************************************************************** ievent:  18
('Max energy: ', 441.67452870074936)
('Max energy: ', 441.67452870074936)
******************************************************************************** ievent:  19
('Max energy: ', 441.67452870074936)
('Max energy: ', 441.67452870074936)
******************************************************************************** ievent:  20
('Max energy: ', 441.67452870074936)
('Max energy: ', 441.67452870074936)
******************************************************************************** ievent:  21
('Max energy: ', 441.67452870074936)
('Max energy: ', 441.67452870074936)
******************************************************************************** ievent:  22
('Max energy: ', 441.67452870074936)
('Max energy: ', 441.67452870074936)
******************************************************************************** ievent:  23
('Max energy: ', 441.67452870074936)
('Max energy: ', 441.67452870074936)
******************************************************************************** ievent:  24
('Max energy: ', 441.67452870074936)
('Max energy: ', 441.67452870074936)
******************************************************************************** ievent:  25
('Max energy: ', 441.67452870074936)
('Max energy: ', 441.67452870074936)
******************************************************************************** ievent:  26
('Max energy: ', 441.67452870074936)
('Max energy: ', 441.67452870074936)
******************************************************************************** ievent:  27
('Max energy: ', 441.67452870074936)
('Max energy: ', 441.67452870074936)
******************************************************************************** ievent:  28
('Max energy: ', 441.67452870074936)
('Max energy: ', 441.67452870074936)
******************************************************************************** ievent:  29
('Max energy: ', 441.67452870074936)
('Max energy: ', 441.67452870074936)
******************************************************************************** ievent:  30
('Max energy: ', 441.67452870074936)
('Max energy: ', 441.67452870074936)
******************************************************************************** ievent:  31
('Max energy: ', 441.67452870074936)
('Max energy: ', 441.67452870074936)
******************************************************************************** ievent:  32
('Max energy: ', 441.67452870074936)
('Max energy: ', 441.67452870074936)
******************************************************************************** ievent:  33
('Max energy: ', 1059.7610471096136)
('Max energy: ', 1059.7610471096136)
******************************************************************************** ievent:  34
('Max energy: ', 1059.7610471096136)
('Max energy: ', 1059.7610471096136)
******************************************************************************** ievent:  35
('Max energy: ', 1059.7610471096136)
('Max energy: ', 1059.7610471096136)
gsftrack. skip.
******************************************************************************** ievent:  36
('Max energy: ', 1059.7610471096136)
('Max energy: ', 1059.7610471096136)
******************************************************************************** ievent:  37
('Max energy: ', 1059.7610471096136)
('Max energy: ', 1059.7610471096136)
******************************************************************************** ievent:  38
('Max energy: ', 1059.7610471096136)
('Max energy: ', 1059.7610471096136)
******************************************************************************** ievent:  39
('Max energy: ', 1059.7610471096136)
('Max energy: ', 1059.7610471096136)
******************************************************************************** ievent:  40
('Max energy: ', 1059.7610471096136)
('Max energy: ', 1059.7610471096136)
******************************************************************************** ievent:  41
('Max energy: ', 1059.7610471096136)
('Max energy: ', 1059.7610471096136)
******************************************************************************** ievent:  42
('Max energy: ', 1059.7610471096136)
('Max energy: ', 1059.7610471096136)
******************************************************************************** ievent:  43
('Max energy: ', 1059.7610471096136)
('Max energy: ', 1059.7610471096136)
******************************************************************************** ievent:  44
('Max energy: ', 1059.7610471096136)
('Max energy: ', 1059.7610471096136)
******************************************************************************** ievent:  45
('Max energy: ', 1059.7610471096136)
('Max energy: ', 1059.7610471096136)
******************************************************************************** ievent:  46
('Max energy: ', 1059.7610471096136)
('Max energy: ', 1059.7610471096136)
******************************************************************************** ievent:  47
('Max energy: ', 1059.7610471096136)
('Max energy: ', 1059.7610471096136)
******************************************************************************** ievent:  48
('Max energy: ', 1059.7610471096136)
('Max energy: ', 1059.7610471096136)
******************************************************************************** ievent:  49
('Max energy: ', 1059.7610471096136)
('Max energy: ', 1059.7610471096136)
